<?xml version="1.0" encoding="UTF-8"?>
<!-- Generated by org.testng.reporters.JUnitReportReporter -->
<testsuite hostname="USHYDIRALI5" name="TestRunners.TestNgTestRunner" tests="5" failures="0" timestamp="19 Dec 2017 12:39:33 GMT" time="168.374" errors="0">
  <testcase name="feature" time="0.019" classname="TestRunners.TestNgTestRunner"/>
  <testcase name="feature" time="50.285" classname="TestRunners.TestNgTestRunner"/>
  <testcase name="feature" time="0.019" classname="TestRunners.TestNgTestRunner"/>
  <testcase name="feature" time="100.664" classname="TestRunners.TestNgTestRunner"/>
  <testcase name="feature" time="17.387" classname="TestRunners.TestNgTestRunner"/>
</testsuite> <!-- TestRunners.TestNgTestRunner -->
